2026-01-13 18:57:56,253 INFO: wrote port=8001 pid=21308
2026-01-13 18:57:56,254 INFO: simple_server running on http://127.0.0.1:8001
2026-01-13 19:04:30,736 INFO: 127.0.0.1 - - [13/Jan/2026 19:04:30] "GET /health HTTP/1.1" 200 -

2026-01-13 19:04:30,754 INFO: /ask request: Summarize the Final Trial Preparation Summary. (collection=court-files, top_k=5)
2026-01-13 19:04:30,758 INFO: Use pytorch device_name: cpu
2026-01-13 19:04:30,759 INFO: Load pretrained SentenceTransformer: all-MiniLM-L6-v2
Batches:   0%|          | 0/1 [00:00<?, ?it/s]Batches: 100%|##########| 1/1 [00:00<00:00, 61.66it/s]
Batches:   0%|          | 0/1 [00:00<?, ?it/s]Batches: 100%|##########| 1/1 [00:00<00:00,  8.21it/s]Batches: 100%|##########| 1/1 [00:00<00:00,  8.16it/s]
2026-01-13 19:04:32,900 INFO: 127.0.0.1 - - [13/Jan/2026 19:04:32] "POST /ask HTTP/1.1" 200 -

2026-01-13 19:04:32,927 INFO: /ask request: Give a short overview of the case facts. (collection=court-files, top_k=5)
2026-01-13 19:04:32,930 INFO: Use pytorch device_name: cpu
2026-01-13 19:04:32,931 INFO: Load pretrained SentenceTransformer: all-MiniLM-L6-v2
Batches:   0%|          | 0/1 [00:00<?, ?it/s]Batches: 100%|##########| 1/1 [00:00<00:00, 82.99it/s]
Batches:   0%|          | 0/1 [00:00<?, ?it/s]Batches: 100%|##########| 1/1 [00:00<00:00,  8.05it/s]Batches: 100%|##########| 1/1 [00:00<00:00,  8.00it/s]
2026-01-13 19:04:34,239 INFO: 127.0.0.1 - - [13/Jan/2026 19:04:34] "POST /ask HTTP/1.1" 200 -

2026-01-13 19:04:34,266 INFO: /ask request: List important dates mentioned in the corpus. (collection=court-files, top_k=5)
2026-01-13 19:04:34,269 INFO: Use pytorch device_name: cpu
2026-01-13 19:04:34,270 INFO: Load pretrained SentenceTransformer: all-MiniLM-L6-v2
Batches:   0%|          | 0/1 [00:00<?, ?it/s]Batches: 100%|##########| 1/1 [00:00<00:00, 84.72it/s]
Batches:   0%|          | 0/1 [00:00<?, ?it/s]Batches: 100%|##########| 1/1 [00:00<00:00,  8.07it/s]Batches: 100%|##########| 1/1 [00:00<00:00,  8.02it/s]
2026-01-13 19:04:35,527 INFO: 127.0.0.1 - - [13/Jan/2026 19:04:35] "POST /ask HTTP/1.1" 200 -

forrtl: error (200): program aborting due to window-CLOSE event
Image              PC                Routine            Line        Source             
KERNELBASE.dll     00007FFD61E1D64D  Unknown               Unknown  Unknown
KERNEL32.DLL       00007FFD63BFE8D7  Unknown               Unknown  Unknown
ntdll.dll          00007FFD648AC53C  Unknown               Unknown  Unknown
